        -:    0:Source:gcov_test.c
        -:    0:Graph:gcov_test.gcno
        -:    0:Data:gcov_test.gcda
        -:    0:Runs:1
        -:    0:Programs:1
        -:    1:#include <stdio.h>
        -:    2:
        1:    3:void f1(int in)
        -:    4:{
        -:    5:	int array[100][200];
        -:    6:
        1:    7:	if (in>100)
        -:    8:	{
    #####:    9:		printf ("Error!\n");
        1:   10:		return;
        -:   11:	};
        -:   12:
      101:   13:	for (int i=0; i<100; i++)
    20100:   14:		for (int j=0; j<200; j++)
        -:   15:		{
    20000:   16:			array[i][j]=in*i+j;
        -:   17:		};
        -:   18:};
        -:   19:
        1:   20:int main()
        -:   21:{
        1:   22:	f1(12);
        -:   23:};
        -:   24:
